[00:40:13] [main/INFO] [GradleStart]: No arguments specified, assuming client.
[00:40:13] [main/INFO] [GradleStart]: Extra: []
[00:40:13] [main/INFO] [GradleStart]: Setting up virtual assets in: C:\Users\Svetlio\.gradle\caches\minecraft\assets\virtual\legacy
[00:40:14] [main/INFO] [GradleStart]: Running with arguments: [--userProperties, {}, --username, ForgeDevName, --tweakClass, cpw.mods.fml.common.launcher.FMLTweaker, --accessToken, {REDACTED}, --assetIndex, legacy, --assetsDir, C:\Users\Svetlio\.gradle\caches\minecraft\assets\virtual\legacy, --version, 1.7.2]
[00:40:14] [main/INFO] [LaunchWrapper]: Loading tweak class name cpw.mods.fml.common.launcher.FMLTweaker
[00:40:14] [main/INFO] [LaunchWrapper]: Using primary tweak class name cpw.mods.fml.common.launcher.FMLTweaker
[00:40:14] [main/INFO] [LaunchWrapper]: Calling tweak class cpw.mods.fml.common.launcher.FMLTweaker
[00:52:11] [main/INFO] [GradleStart]: No arguments specified, assuming client.
[00:52:11] [main/INFO] [GradleStart]: Extra: []
[00:52:11] [main/INFO] [GradleStart]: Setting up virtual assets in: C:\Users\Svetlio\.gradle\caches\minecraft\assets\virtual\legacy
[00:52:13] [main/INFO] [GradleStart]: Running with arguments: [--userProperties, {}, --username, ForgeDevName, --tweakClass, cpw.mods.fml.common.launcher.FMLTweaker, --accessToken, {REDACTED}, --assetIndex, legacy, --assetsDir, C:\Users\Svetlio\.gradle\caches\minecraft\assets\virtual\legacy, --version, 1.7.2]
[00:52:13] [main/INFO] [LaunchWrapper]: Loading tweak class name cpw.mods.fml.common.launcher.FMLTweaker
[00:52:13] [main/INFO] [LaunchWrapper]: Using primary tweak class name cpw.mods.fml.common.launcher.FMLTweaker
[00:52:13] [main/INFO] [LaunchWrapper]: Calling tweak class cpw.mods.fml.common.launcher.FMLTweaker
[01:05:57] [main/INFO] [GradleStart]: No arguments specified, assuming client.
[01:05:57] [main/INFO] [GradleStart]: Extra: []
[01:05:57] [main/INFO] [GradleStart]: Setting up virtual assets in: C:\Users\Svetlio\.gradle\caches\minecraft\assets\virtual\legacy
[01:05:58] [main/INFO] [GradleStart]: Running with arguments: [--userProperties, {}, --username, ForgeDevName, --tweakClass, cpw.mods.fml.common.launcher.FMLTweaker, --accessToken, {REDACTED}, --assetIndex, legacy, --assetsDir, C:\Users\Svetlio\.gradle\caches\minecraft\assets\virtual\legacy, --version, 1.7.2]
[01:05:58] [main/INFO] [LaunchWrapper]: Loading tweak class name cpw.mods.fml.common.launcher.FMLTweaker
[01:05:58] [main/INFO] [LaunchWrapper]: Using primary tweak class name cpw.mods.fml.common.launcher.FMLTweaker
[01:05:58] [main/INFO] [LaunchWrapper]: Calling tweak class cpw.mods.fml.common.launcher.FMLTweaker
[01:09:01] [main/INFO] [GradleStart]: No arguments specified, assuming client.
[01:09:01] [main/INFO] [GradleStart]: Extra: []
[01:09:01] [main/INFO] [GradleStart]: Setting up virtual assets in: C:\Users\Svetlio\.gradle\caches\minecraft\assets\virtual\legacy
[01:09:03] [main/INFO] [GradleStart]: Running with arguments: [--userProperties, {}, --username, ForgeDevName, --tweakClass, cpw.mods.fml.common.launcher.FMLTweaker, --accessToken, {REDACTED}, --assetIndex, legacy, --assetsDir, C:\Users\Svetlio\.gradle\caches\minecraft\assets\virtual\legacy, --version, 1.7.2]
[01:09:03] [main/INFO] [LaunchWrapper]: Loading tweak class name cpw.mods.fml.common.launcher.FMLTweaker
[01:09:03] [main/INFO] [LaunchWrapper]: Using primary tweak class name cpw.mods.fml.common.launcher.FMLTweaker
[01:09:03] [main/INFO] [LaunchWrapper]: Calling tweak class cpw.mods.fml.common.launcher.FMLTweaker
