[01:05:29] [main/INFO]: Setting user: ForgeDevName
[01:05:31] [Client thread/INFO]: LWJGL Version: 2.9.1
[01:05:38] [Client thread/INFO]: Reloading ResourceManager: Default, FMLFileResourcePack:Forge Mod Loader, FMLFileResourcePack:Minecraft Forge, FMLFileResourcePack:Learning to Mod!
[01:05:39] [Sound Library Loader/INFO]: Sound engine started
[01:05:41] [Client thread/INFO]: Created: 512x256 textures/blocks-atlas
[01:05:41] [Client thread/ERROR]: Using missing texture, unable to load test:textures/items/beer.png
java.io.FileNotFoundException: test:textures/items/beer.png
	at net.minecraft.client.resources.FallbackResourceManager.getResource(FallbackResourceManager.java:65) ~[FallbackResourceManager.class:?]
	at net.minecraft.client.resources.SimpleReloadableResourceManager.getResource(SimpleReloadableResourceManager.java:67) ~[SimpleReloadableResourceManager.class:?]
	at net.minecraft.client.renderer.texture.TextureMap.loadTextureAtlas(TextureMap.java:126) [TextureMap.class:?]
	at net.minecraft.client.renderer.texture.TextureMap.loadTexture(TextureMap.java:91) [TextureMap.class:?]
	at net.minecraft.client.renderer.texture.TextureManager.loadTexture(TextureManager.java:89) [TextureManager.class:?]
	at net.minecraft.client.renderer.texture.TextureManager.loadTickableTexture(TextureManager.java:71) [TextureManager.class:?]
	at net.minecraft.client.renderer.texture.TextureManager.loadTextureMap(TextureManager.java:58) [TextureManager.class:?]
	at net.minecraft.client.Minecraft.startGame(Minecraft.java:593) [Minecraft.class:?]
	at net.minecraft.client.Minecraft.run(Minecraft.java:941) [Minecraft.class:?]
	at net.minecraft.client.main.Main.main(Main.java:164) [Main.class:?]
	at sun.reflect.NativeMethodAccessorImpl.invoke0(Native Method) ~[?:1.7.0_65]
	at sun.reflect.NativeMethodAccessorImpl.invoke(NativeMethodAccessorImpl.java:57) ~[?:1.7.0_65]
	at sun.reflect.DelegatingMethodAccessorImpl.invoke(DelegatingMethodAccessorImpl.java:43) ~[?:1.7.0_65]
	at java.lang.reflect.Method.invoke(Method.java:606) ~[?:1.7.0_65]
	at net.minecraft.launchwrapper.Launch.launch(Launch.java:134) [launchwrapper-1.9.jar:?]
	at net.minecraft.launchwrapper.Launch.main(Launch.java:28) [launchwrapper-1.9.jar:?]
	at sun.reflect.NativeMethodAccessorImpl.invoke0(Native Method) ~[?:1.7.0_65]
	at sun.reflect.NativeMethodAccessorImpl.invoke(NativeMethodAccessorImpl.java:57) ~[?:1.7.0_65]
	at sun.reflect.DelegatingMethodAccessorImpl.invoke(DelegatingMethodAccessorImpl.java:43) ~[?:1.7.0_65]
	at java.lang.reflect.Method.invoke(Method.java:606) ~[?:1.7.0_65]
	at GradleStart.bounce(GradleStart.java:108) [start/:?]
	at GradleStart.startClient(GradleStart.java:101) [start/:?]
	at GradleStart.main(GradleStart.java:56) [start/:?]
	at sun.reflect.NativeMethodAccessorImpl.invoke0(Native Method) ~[?:1.7.0_65]
	at sun.reflect.NativeMethodAccessorImpl.invoke(NativeMethodAccessorImpl.java:57) ~[?:1.7.0_65]
	at sun.reflect.DelegatingMethodAccessorImpl.invoke(DelegatingMethodAccessorImpl.java:43) ~[?:1.7.0_65]
	at java.lang.reflect.Method.invoke(Method.java:606) ~[?:1.7.0_65]
	at com.intellij.rt.execution.application.AppMain.main(AppMain.java:134) [idea_rt.jar:?]
[01:05:41] [Client thread/INFO]: Created: 256x256 textures/items-atlas
[01:05:41] [Client thread/INFO]: Reloading ResourceManager: Default, FMLFileResourcePack:Forge Mod Loader, FMLFileResourcePack:Minecraft Forge, FMLFileResourcePack:Learning to Mod!
[01:05:41] [Client thread/ERROR]: Using missing texture, unable to load test:textures/items/beer.png
java.io.FileNotFoundException: test:textures/items/beer.png
	at net.minecraft.client.resources.FallbackResourceManager.getResource(FallbackResourceManager.java:65) ~[FallbackResourceManager.class:?]
	at net.minecraft.client.resources.SimpleReloadableResourceManager.getResource(SimpleReloadableResourceManager.java:67) ~[SimpleReloadableResourceManager.class:?]
	at net.minecraft.client.renderer.texture.TextureMap.loadTextureAtlas(TextureMap.java:126) [TextureMap.class:?]
	at net.minecraft.client.renderer.texture.TextureMap.loadTexture(TextureMap.java:91) [TextureMap.class:?]
	at net.minecraft.client.renderer.texture.TextureManager.loadTexture(TextureManager.java:89) [TextureManager.class:?]
	at net.minecraft.client.renderer.texture.TextureManager.onResourceManagerReload(TextureManager.java:170) [TextureManager.class:?]
	at net.minecraft.client.resources.SimpleReloadableResourceManager.notifyReloadListeners(SimpleReloadableResourceManager.java:134) [SimpleReloadableResourceManager.class:?]
	at net.minecraft.client.resources.SimpleReloadableResourceManager.reloadResources(SimpleReloadableResourceManager.java:118) [SimpleReloadableResourceManager.class:?]
	at net.minecraft.client.Minecraft.refreshResources(Minecraft.java:653) [Minecraft.class:?]
	at cpw.mods.fml.client.FMLClientHandler.finishMinecraftLoading(FMLClientHandler.java:303) [FMLClientHandler.class:?]
	at net.minecraft.client.Minecraft.startGame(Minecraft.java:596) [Minecraft.class:?]
	at net.minecraft.client.Minecraft.run(Minecraft.java:941) [Minecraft.class:?]
	at net.minecraft.client.main.Main.main(Main.java:164) [Main.class:?]
	at sun.reflect.NativeMethodAccessorImpl.invoke0(Native Method) ~[?:1.7.0_65]
	at sun.reflect.NativeMethodAccessorImpl.invoke(NativeMethodAccessorImpl.java:57) ~[?:1.7.0_65]
	at sun.reflect.DelegatingMethodAccessorImpl.invoke(DelegatingMethodAccessorImpl.java:43) ~[?:1.7.0_65]
	at java.lang.reflect.Method.invoke(Method.java:606) ~[?:1.7.0_65]
	at net.minecraft.launchwrapper.Launch.launch(Launch.java:134) [launchwrapper-1.9.jar:?]
	at net.minecraft.launchwrapper.Launch.main(Launch.java:28) [launchwrapper-1.9.jar:?]
	at sun.reflect.NativeMethodAccessorImpl.invoke0(Native Method) ~[?:1.7.0_65]
	at sun.reflect.NativeMethodAccessorImpl.invoke(NativeMethodAccessorImpl.java:57) ~[?:1.7.0_65]
	at sun.reflect.DelegatingMethodAccessorImpl.invoke(DelegatingMethodAccessorImpl.java:43) ~[?:1.7.0_65]
	at java.lang.reflect.Method.invoke(Method.java:606) ~[?:1.7.0_65]
	at GradleStart.bounce(GradleStart.java:108) [start/:?]
	at GradleStart.startClient(GradleStart.java:101) [start/:?]
	at GradleStart.main(GradleStart.java:56) [start/:?]
	at sun.reflect.NativeMethodAccessorImpl.invoke0(Native Method) ~[?:1.7.0_65]
	at sun.reflect.NativeMethodAccessorImpl.invoke(NativeMethodAccessorImpl.java:57) ~[?:1.7.0_65]
	at sun.reflect.DelegatingMethodAccessorImpl.invoke(DelegatingMethodAccessorImpl.java:43) ~[?:1.7.0_65]
	at java.lang.reflect.Method.invoke(Method.java:606) ~[?:1.7.0_65]
	at com.intellij.rt.execution.application.AppMain.main(AppMain.java:134) [idea_rt.jar:?]
[01:05:41] [Client thread/INFO]: Created: 256x256 textures/items-atlas
[01:05:42] [Client thread/INFO]: Created: 512x256 textures/blocks-atlas
[01:05:43] [Sound Library Loader/INFO]: Sound engine started
[01:05:46] [Server thread/INFO]: Starting integrated minecraft server version 1.7.10
[01:05:46] [Server thread/INFO]: Generating keypair
[01:05:46] [Server thread/INFO]: Preparing start region for level 0
[01:05:47] [Server thread/INFO]: Preparing spawn area: 81%
[01:05:48] [Server thread/INFO]: Changing view distance to 2, from 10
[01:05:48] [Server thread/INFO]: ForgeDevName[local:E:43c52264] logged in with entity id 246 at (-147.45149041119873, 72.26391223811962, 33.1762789312225)
[01:05:48] [Server thread/INFO]: ForgeDevName joined the game
[01:05:52] [Server thread/INFO]: Saving and pausing game...
[01:05:52] [Server thread/INFO]: Saving chunks for level 'New World'/Overworld
[01:05:52] [Server thread/INFO]: Saving chunks for level 'New World'/Nether
[01:05:52] [Server thread/INFO]: Saving chunks for level 'New World'/The End
[01:06:06] [Server thread/INFO]: Stopping server
[01:06:06] [Server thread/INFO]: Saving players
[01:06:06] [Server thread/INFO]: Saving worlds
[01:06:06] [Server thread/INFO]: Saving chunks for level 'New World'/Overworld
[01:06:06] [Server thread/INFO]: Saving chunks for level 'New World'/Nether
[01:06:06] [Server thread/INFO]: Saving chunks for level 'New World'/The End
[01:06:09] [Server thread/INFO]: Starting integrated minecraft server version 1.7.10
[01:06:09] [Server thread/INFO]: Generating keypair
[01:06:09] [Server thread/INFO]: Preparing start region for level 0
[01:06:09] [Server thread/INFO]: Changing view distance to 2, from 10
[01:06:09] [Server thread/INFO]: ForgeDevName[local:E:82a941b1] logged in with entity id 523 at (-147.45149041119873, 72.26391223811962, 33.1762789312225)
[01:06:09] [Server thread/INFO]: ForgeDevName joined the game
[01:06:20] [Server thread/INFO]: [ForgeDevName: Given [item.test:beer.name] * 1 to ForgeDevName]
[01:06:20] [Client thread/INFO]: [CHAT] Given [item.test:beer.name] * 1 to ForgeDevName
[01:06:23] [Server thread/INFO]: Saving and pausing game...
[01:06:23] [Server thread/INFO]: Saving chunks for level 'New World'/Overworld
[01:06:23] [Server thread/INFO]: Saving chunks for level 'New World'/Nether
[01:06:23] [Server thread/INFO]: Saving chunks for level 'New World'/The End
[01:06:24] [Server thread/INFO]: Saving and pausing game...
[01:06:24] [Server thread/INFO]: Saving chunks for level 'New World'/Overworld
[01:06:24] [Server thread/INFO]: Saving chunks for level 'New World'/Nether
[01:06:24] [Server thread/INFO]: Saving chunks for level 'New World'/The End
[01:06:24] [Server thread/INFO]: Stopping server
[01:06:24] [Server thread/INFO]: Saving players
[01:06:24] [Server thread/INFO]: Saving worlds
[01:06:24] [Server thread/INFO]: Saving chunks for level 'New World'/Overworld
[01:06:24] [Server thread/INFO]: Saving chunks for level 'New World'/Nether
[01:06:24] [Server thread/INFO]: Saving chunks for level 'New World'/The End
[01:06:28] [Client thread/INFO]: Stopping!
[01:06:33] [main/INFO]: Setting user: ForgeDevName
[01:06:34] [Client thread/INFO]: LWJGL Version: 2.9.1
[01:06:41] [Client thread/INFO]: Reloading ResourceManager: Default, FMLFileResourcePack:Forge Mod Loader, FMLFileResourcePack:Minecraft Forge, FMLFileResourcePack:Learning to Mod!
[01:06:42] [Sound Library Loader/INFO]: Sound engine started
[01:06:44] [Client thread/INFO]: Created: 512x256 textures/blocks-atlas
[01:06:44] [Client thread/ERROR]: Using missing texture, unable to load test:textures/items/beer.png
java.io.FileNotFoundException: test:textures/items/beer.png
	at net.minecraft.client.resources.FallbackResourceManager.getResource(FallbackResourceManager.java:65) ~[FallbackResourceManager.class:?]
	at net.minecraft.client.resources.SimpleReloadableResourceManager.getResource(SimpleReloadableResourceManager.java:67) ~[SimpleReloadableResourceManager.class:?]
	at net.minecraft.client.renderer.texture.TextureMap.loadTextureAtlas(TextureMap.java:126) [TextureMap.class:?]
	at net.minecraft.client.renderer.texture.TextureMap.loadTexture(TextureMap.java:91) [TextureMap.class:?]
	at net.minecraft.client.renderer.texture.TextureManager.loadTexture(TextureManager.java:89) [TextureManager.class:?]
	at net.minecraft.client.renderer.texture.TextureManager.loadTickableTexture(TextureManager.java:71) [TextureManager.class:?]
	at net.minecraft.client.renderer.texture.TextureManager.loadTextureMap(TextureManager.java:58) [TextureManager.class:?]
	at net.minecraft.client.Minecraft.startGame(Minecraft.java:593) [Minecraft.class:?]
	at net.minecraft.client.Minecraft.run(Minecraft.java:941) [Minecraft.class:?]
	at net.minecraft.client.main.Main.main(Main.java:164) [Main.class:?]
	at sun.reflect.NativeMethodAccessorImpl.invoke0(Native Method) ~[?:1.7.0_65]
	at sun.reflect.NativeMethodAccessorImpl.invoke(NativeMethodAccessorImpl.java:57) ~[?:1.7.0_65]
	at sun.reflect.DelegatingMethodAccessorImpl.invoke(DelegatingMethodAccessorImpl.java:43) ~[?:1.7.0_65]
	at java.lang.reflect.Method.invoke(Method.java:606) ~[?:1.7.0_65]
	at net.minecraft.launchwrapper.Launch.launch(Launch.java:134) [launchwrapper-1.9.jar:?]
	at net.minecraft.launchwrapper.Launch.main(Launch.java:28) [launchwrapper-1.9.jar:?]
	at sun.reflect.NativeMethodAccessorImpl.invoke0(Native Method) ~[?:1.7.0_65]
	at sun.reflect.NativeMethodAccessorImpl.invoke(NativeMethodAccessorImpl.java:57) ~[?:1.7.0_65]
	at sun.reflect.DelegatingMethodAccessorImpl.invoke(DelegatingMethodAccessorImpl.java:43) ~[?:1.7.0_65]
	at java.lang.reflect.Method.invoke(Method.java:606) ~[?:1.7.0_65]
	at GradleStart.bounce(GradleStart.java:108) [start/:?]
	at GradleStart.startClient(GradleStart.java:101) [start/:?]
	at GradleStart.main(GradleStart.java:56) [start/:?]
	at sun.reflect.NativeMethodAccessorImpl.invoke0(Native Method) ~[?:1.7.0_65]
	at sun.reflect.NativeMethodAccessorImpl.invoke(NativeMethodAccessorImpl.java:57) ~[?:1.7.0_65]
	at sun.reflect.DelegatingMethodAccessorImpl.invoke(DelegatingMethodAccessorImpl.java:43) ~[?:1.7.0_65]
	at java.lang.reflect.Method.invoke(Method.java:606) ~[?:1.7.0_65]
	at com.intellij.rt.execution.application.AppMain.main(AppMain.java:134) [idea_rt.jar:?]
[01:06:44] [Client thread/INFO]: Created: 256x256 textures/items-atlas
[01:06:44] [Client thread/INFO]: Reloading ResourceManager: Default, FMLFileResourcePack:Forge Mod Loader, FMLFileResourcePack:Minecraft Forge, FMLFileResourcePack:Learning to Mod!
[01:06:44] [Client thread/ERROR]: Using missing texture, unable to load test:textures/items/beer.png
java.io.FileNotFoundException: test:textures/items/beer.png
	at net.minecraft.client.resources.FallbackResourceManager.getResource(FallbackResourceManager.java:65) ~[FallbackResourceManager.class:?]
	at net.minecraft.client.resources.SimpleReloadableResourceManager.getResource(SimpleReloadableResourceManager.java:67) ~[SimpleReloadableResourceManager.class:?]
	at net.minecraft.client.renderer.texture.TextureMap.loadTextureAtlas(TextureMap.java:126) [TextureMap.class:?]
	at net.minecraft.client.renderer.texture.TextureMap.loadTexture(TextureMap.java:91) [TextureMap.class:?]
	at net.minecraft.client.renderer.texture.TextureManager.loadTexture(TextureManager.java:89) [TextureManager.class:?]
	at net.minecraft.client.renderer.texture.TextureManager.onResourceManagerReload(TextureManager.java:170) [TextureManager.class:?]
	at net.minecraft.client.resources.SimpleReloadableResourceManager.notifyReloadListeners(SimpleReloadableResourceManager.java:134) [SimpleReloadableResourceManager.class:?]
	at net.minecraft.client.resources.SimpleReloadableResourceManager.reloadResources(SimpleReloadableResourceManager.java:118) [SimpleReloadableResourceManager.class:?]
	at net.minecraft.client.Minecraft.refreshResources(Minecraft.java:653) [Minecraft.class:?]
	at cpw.mods.fml.client.FMLClientHandler.finishMinecraftLoading(FMLClientHandler.java:303) [FMLClientHandler.class:?]
	at net.minecraft.client.Minecraft.startGame(Minecraft.java:596) [Minecraft.class:?]
	at net.minecraft.client.Minecraft.run(Minecraft.java:941) [Minecraft.class:?]
	at net.minecraft.client.main.Main.main(Main.java:164) [Main.class:?]
	at sun.reflect.NativeMethodAccessorImpl.invoke0(Native Method) ~[?:1.7.0_65]
	at sun.reflect.NativeMethodAccessorImpl.invoke(NativeMethodAccessorImpl.java:57) ~[?:1.7.0_65]
	at sun.reflect.DelegatingMethodAccessorImpl.invoke(DelegatingMethodAccessorImpl.java:43) ~[?:1.7.0_65]
	at java.lang.reflect.Method.invoke(Method.java:606) ~[?:1.7.0_65]
	at net.minecraft.launchwrapper.Launch.launch(Launch.java:134) [launchwrapper-1.9.jar:?]
	at net.minecraft.launchwrapper.Launch.main(Launch.java:28) [launchwrapper-1.9.jar:?]
	at sun.reflect.NativeMethodAccessorImpl.invoke0(Native Method) ~[?:1.7.0_65]
	at sun.reflect.NativeMethodAccessorImpl.invoke(NativeMethodAccessorImpl.java:57) ~[?:1.7.0_65]
	at sun.reflect.DelegatingMethodAccessorImpl.invoke(DelegatingMethodAccessorImpl.java:43) ~[?:1.7.0_65]
	at java.lang.reflect.Method.invoke(Method.java:606) ~[?:1.7.0_65]
	at GradleStart.bounce(GradleStart.java:108) [start/:?]
	at GradleStart.startClient(GradleStart.java:101) [start/:?]
	at GradleStart.main(GradleStart.java:56) [start/:?]
	at sun.reflect.NativeMethodAccessorImpl.invoke0(Native Method) ~[?:1.7.0_65]
	at sun.reflect.NativeMethodAccessorImpl.invoke(NativeMethodAccessorImpl.java:57) ~[?:1.7.0_65]
	at sun.reflect.DelegatingMethodAccessorImpl.invoke(DelegatingMethodAccessorImpl.java:43) ~[?:1.7.0_65]
	at java.lang.reflect.Method.invoke(Method.java:606) ~[?:1.7.0_65]
	at com.intellij.rt.execution.application.AppMain.main(AppMain.java:134) [idea_rt.jar:?]
[01:06:44] [Client thread/INFO]: Created: 256x256 textures/items-atlas
[01:06:45] [Client thread/INFO]: Created: 512x256 textures/blocks-atlas
[01:06:46] [Sound Library Loader/INFO]: Sound engine started
[01:06:49] [Server thread/INFO]: Starting integrated minecraft server version 1.7.10
[01:06:49] [Server thread/INFO]: Generating keypair
[01:06:50] [Server thread/INFO]: Preparing start region for level 0
[01:06:51] [Server thread/INFO]: Preparing spawn area: 57%
[01:06:51] [Server thread/INFO]: Changing view distance to 2, from 10
[01:06:52] [Server thread/INFO]: ForgeDevName[local:E:174bc058] logged in with entity id 245 at (-152.2048661131641, 72.26391223811962, 33.14243885445745)
[01:06:52] [Server thread/INFO]: ForgeDevName joined the game
[01:07:23] [Server thread/INFO]: Saving and pausing game...
[01:07:23] [Server thread/INFO]: Saving chunks for level 'New World'/Overworld
[01:07:23] [Server thread/INFO]: Saving chunks for level 'New World'/Nether
[01:07:23] [Server thread/INFO]: Saving chunks for level 'New World'/The End
[01:07:24] [Server thread/INFO]: Stopping server
[01:07:24] [Server thread/INFO]: Saving players
[01:07:24] [Server thread/INFO]: Saving worlds
[01:07:24] [Server thread/INFO]: Saving chunks for level 'New World'/Overworld
[01:07:24] [Server thread/INFO]: Saving chunks for level 'New World'/Nether
[01:07:24] [Server thread/INFO]: Saving chunks for level 'New World'/The End
[01:07:25] [Client thread/INFO]: Stopping!
